This is pdfTeX, Version 3.14159265-2.6-1.40.18 (TeX Live 2017) (preloaded format=pdflatex 2017.8.3)  6 MAY 2018 00:59
entering extended mode
 \write18 enabled.
 file:line:error style messages enabled.
 %&-line parsing enabled.
**comprog.tex
(./comprog.tex
LaTeX2e <2017-04-15>
Babel <3.10> and hyphenation patterns for 84 language(s) loaded.
(/usr/local/texlive/2017/texmf-dist/tex/latex/amscls/amsart.cls
Document Class: amsart 2015/03/04 v2.20.2
\linespacing=\dimen102
\normalparindent=\dimen103
\normaltopskip=\skip41
(/usr/local/texlive/2017/texmf-dist/tex/latex/amsmath/amsmath.sty
Package: amsmath 2016/11/05 v2.16a AMS math features
\@mathmargin=\skip42

For additional information on amsmath, use the `?' option.
(/usr/local/texlive/2017/texmf-dist/tex/latex/amsmath/amstext.sty
Package: amstext 2000/06/29 v2.01 AMS text
 (/usr/local/texlive/2017/texmf-dist/tex/latex/amsmath/amsgen.sty
File: amsgen.sty 1999/11/30 v2.0 generic functions
\@emptytoks=\toks14
\ex@=\dimen104
)) (/usr/local/texlive/2017/texmf-dist/tex/latex/amsmath/amsbsy.sty
Package: amsbsy 1999/11/29 v1.2d Bold Symbols
\pmbraise@=\dimen105
) (/usr/local/texlive/2017/texmf-dist/tex/latex/amsmath/amsopn.sty
Package: amsopn 2016/03/08 v2.02 operator names
)
\inf@bad=\count79
LaTeX Info: Redefining \frac on input line 213.
\uproot@=\count80
\leftroot@=\count81
LaTeX Info: Redefining \overline on input line 375.
\classnum@=\count82
\DOTSCASE@=\count83
LaTeX Info: Redefining \ldots on input line 472.
LaTeX Info: Redefining \dots on input line 475.
LaTeX Info: Redefining \cdots on input line 596.
\Mathstrutbox@=\box26
\strutbox@=\box27
\big@size=\dimen106
LaTeX Font Info:    Redeclaring font encoding OML on input line 712.
LaTeX Font Info:    Redeclaring font encoding OMS on input line 713.
\macc@depth=\count84
\c@MaxMatrixCols=\count85
\dotsspace@=\muskip10
\c@parentequation=\count86
\dspbrk@lvl=\count87
\tag@help=\toks15
\row@=\count88
\column@=\count89
\maxfields@=\count90
\andhelp@=\toks16
\eqnshift@=\dimen107
\alignsep@=\dimen108
\tagshift@=\dimen109
\tagwidth@=\dimen110
\totwidth@=\dimen111
\lineht@=\dimen112
\@envbody=\toks17
\multlinegap=\skip43
\multlinetaggap=\skip44
\mathdisplay@stack=\toks18
LaTeX Info: Redefining \[ on input line 2817.
LaTeX Info: Redefining \] on input line 2818.
)
LaTeX Font Info:    Try loading font information for U+msa on input line 388.
 (/usr/local/texlive/2017/texmf-dist/tex/latex/amsfonts/umsa.fd
File: umsa.fd 2013/01/14 v3.01 AMS symbols A
) (/usr/local/texlive/2017/texmf-dist/tex/latex/amsfonts/amsfonts.sty
Package: amsfonts 2013/01/14 v3.01 Basic AMSFonts support
\symAMSa=\mathgroup4
\symAMSb=\mathgroup5
LaTeX Font Info:    Overwriting math alphabet `\mathfrak' in version `bold'
(Font)                  U/euf/m/n --> U/euf/b/n on input line 106.
)
\copyins=\insert199
\abstractbox=\box28
\listisep=\skip45
\c@part=\count91
\c@section=\count92
\c@subsection=\count93
\c@subsubsection=\count94
\c@paragraph=\count95
\c@subparagraph=\count96
\c@figure=\count97
\c@table=\count98
\abovecaptionskip=\skip46
\belowcaptionskip=\skip47
\captionindent=\dimen113
\thm@style=\toks19
\thm@bodyfont=\toks20
\thm@headfont=\toks21
\thm@notefont=\toks22
\thm@headpunct=\toks23
\thm@preskip=\skip48
\thm@postskip=\skip49
\thm@headsep=\skip50
\dth@everypar=\toks24
) (/usr/local/texlive/2017/texmf-dist/tex/latex/amsfonts/amssymb.sty
Package: amssymb 2013/01/14 v3.01 AMS font symbols
) (/usr/local/texlive/2017/texmf-dist/tex/latex/base/fontenc.sty
Package: fontenc 2017/04/05 v2.0i Standard LaTeX package
 (/usr/local/texlive/2017/texmf-dist/tex/latex/base/t1enc.def
File: t1enc.def 2017/04/05 v2.0i Standard LaTeX file
LaTeX Font Info:    Redeclaring font encoding T1 on input line 48.
)) (/usr/local/texlive/2017/texmf-dist/tex/latex/base/inputenc.sty
Package: inputenc 2015/03/17 v1.2c Input encoding file
\inpenc@prehook=\toks25
\inpenc@posthook=\toks26
 (/usr/local/texlive/2017/texmf-dist/tex/latex/base/utf8.def
File: utf8.def 2017/01/28 v1.1t UTF-8 support for inputenc
Now handling font encoding OML ...
... no UTF-8 mapping file for font encoding OML
Now handling font encoding T1 ...
... processing UTF-8 mapping file for font encoding T1
 (/usr/local/texlive/2017/texmf-dist/tex/latex/base/t1enc.dfu
File: t1enc.dfu 2017/01/28 v1.1t UTF-8 support for inputenc
   defining Unicode char U+00A0 (decimal 160)
   defining Unicode char U+00A1 (decimal 161)
   defining Unicode char U+00A3 (decimal 163)
   defining Unicode char U+00AB (decimal 171)
   defining Unicode char U+00AD (decimal 173)
   defining Unicode char U+00BB (decimal 187)
   defining Unicode char U+00BF (decimal 191)
   defining Unicode char U+00C0 (decimal 192)
   defining Unicode char U+00C1 (decimal 193)
   defining Unicode char U+00C2 (decimal 194)
   defining Unicode char U+00C3 (decimal 195)
   defining Unicode char U+00C4 (decimal 196)
   defining Unicode char U+00C5 (decimal 197)
   defining Unicode char U+00C6 (decimal 198)
   defining Unicode char U+00C7 (decimal 199)
   defining Unicode char U+00C8 (decimal 200)
   defining Unicode char U+00C9 (decimal 201)
   defining Unicode char U+00CA (decimal 202)
   defining Unicode char U+00CB (decimal 203)
   defining Unicode char U+00CC (decimal 204)
   defining Unicode char U+00CD (decimal 205)
   defining Unicode char U+00CE (decimal 206)
   defining Unicode char U+00CF (decimal 207)
   defining Unicode char U+00D0 (decimal 208)
   defining Unicode char U+00D1 (decimal 209)
   defining Unicode char U+00D2 (decimal 210)
   defining Unicode char U+00D3 (decimal 211)
   defining Unicode char U+00D4 (decimal 212)
   defining Unicode char U+00D5 (decimal 213)
   defining Unicode char U+00D6 (decimal 214)
   defining Unicode char U+00D8 (decimal 216)
   defining Unicode char U+00D9 (decimal 217)
   defining Unicode char U+00DA (decimal 218)
   defining Unicode char U+00DB (decimal 219)
   defining Unicode char U+00DC (decimal 220)
   defining Unicode char U+00DD (decimal 221)
   defining Unicode char U+00DE (decimal 222)
   defining Unicode char U+00DF (decimal 223)
   defining Unicode char U+00E0 (decimal 224)
   defining Unicode char U+00E1 (decimal 225)
   defining Unicode char U+00E2 (decimal 226)
   defining Unicode char U+00E3 (decimal 227)
   defining Unicode char U+00E4 (decimal 228)
   defining Unicode char U+00E5 (decimal 229)
   defining Unicode char U+00E6 (decimal 230)
   defining Unicode char U+00E7 (decimal 231)
   defining Unicode char U+00E8 (decimal 232)
   defining Unicode char U+00E9 (decimal 233)
   defining Unicode char U+00EA (decimal 234)
   defining Unicode char U+00EB (decimal 235)
   defining Unicode char U+00EC (decimal 236)
   defining Unicode char U+00ED (decimal 237)
   defining Unicode char U+00EE (decimal 238)
   defining Unicode char U+00EF (decimal 239)
   defining Unicode char U+00F0 (decimal 240)
   defining Unicode char U+00F1 (decimal 241)
   defining Unicode char U+00F2 (decimal 242)
   defining Unicode char U+00F3 (decimal 243)
   defining Unicode char U+00F4 (decimal 244)
   defining Unicode char U+00F5 (decimal 245)
   defining Unicode char U+00F6 (decimal 246)
   defining Unicode char U+00F8 (decimal 248)
   defining Unicode char U+00F9 (decimal 249)
   defining Unicode char U+00FA (decimal 250)
   defining Unicode char U+00FB (decimal 251)
   defining Unicode char U+00FC (decimal 252)
   defining Unicode char U+00FD (decimal 253)
   defining Unicode char U+00FE (decimal 254)
   defining Unicode char U+00FF (decimal 255)
   defining Unicode char U+0100 (decimal 256)
   defining Unicode char U+0101 (decimal 257)
   defining Unicode char U+0102 (decimal 258)
   defining Unicode char U+0103 (decimal 259)
   defining Unicode char U+0104 (decimal 260)
   defining Unicode char U+0105 (decimal 261)
   defining Unicode char U+0106 (decimal 262)
   defining Unicode char U+0107 (decimal 263)
   defining Unicode char U+0108 (decimal 264)
   defining Unicode char U+0109 (decimal 265)
   defining Unicode char U+010A (decimal 266)
   defining Unicode char U+010B (decimal 267)
   defining Unicode char U+010C (decimal 268)
   defining Unicode char U+010D (decimal 269)
   defining Unicode char U+010E (decimal 270)
   defining Unicode char U+010F (decimal 271)
   defining Unicode char U+0110 (decimal 272)
   defining Unicode char U+0111 (decimal 273)
   defining Unicode char U+0112 (decimal 274)
   defining Unicode char U+0113 (decimal 275)
   defining Unicode char U+0114 (decimal 276)
   defining Unicode char U+0115 (decimal 277)
   defining Unicode char U+0116 (decimal 278)
   defining Unicode char U+0117 (decimal 279)
   defining Unicode char U+0118 (decimal 280)
   defining Unicode char U+0119 (decimal 281)
   defining Unicode char U+011A (decimal 282)
   defining Unicode char U+011B (decimal 283)
   defining Unicode char U+011C (decimal 284)
   defining Unicode char U+011D (decimal 285)
   defining Unicode char U+011E (decimal 286)
   defining Unicode char U+011F (decimal 287)
   defining Unicode char U+0120 (decimal 288)
   defining Unicode char U+0121 (decimal 289)
   defining Unicode char U+0122 (decimal 290)
   defining Unicode char U+0123 (decimal 291)
   defining Unicode char U+0124 (decimal 292)
   defining Unicode char U+0125 (decimal 293)
   defining Unicode char U+0128 (decimal 296)
   defining Unicode char U+0129 (decimal 297)
   defining Unicode char U+012A (decimal 298)
   defining Unicode char U+012B (decimal 299)
   defining Unicode char U+012C (decimal 300)
   defining Unicode char U+012D (decimal 301)
   defining Unicode char U+012E (decimal 302)
   defining Unicode char U+012F (decimal 303)
   defining Unicode char U+0130 (decimal 304)
   defining Unicode char U+0131 (decimal 305)
   defining Unicode char U+0132 (decimal 306)
   defining Unicode char U+0133 (decimal 307)
   defining Unicode char U+0134 (decimal 308)
   defining Unicode char U+0135 (decimal 309)
   defining Unicode char U+0136 (decimal 310)
   defining Unicode char U+0137 (decimal 311)
   defining Unicode char U+0139 (decimal 313)
   defining Unicode char U+013A (decimal 314)
   defining Unicode char U+013B (decimal 315)
   defining Unicode char U+013C (decimal 316)
   defining Unicode char U+013D (decimal 317)
   defining Unicode char U+013E (decimal 318)
   defining Unicode char U+0141 (decimal 321)
   defining Unicode char U+0142 (decimal 322)
   defining Unicode char U+0143 (decimal 323)
   defining Unicode char U+0144 (decimal 324)
   defining Unicode char U+0145 (decimal 325)
   defining Unicode char U+0146 (decimal 326)
   defining Unicode char U+0147 (decimal 327)
   defining Unicode char U+0148 (decimal 328)
   defining Unicode char U+014A (decimal 330)
   defining Unicode char U+014B (decimal 331)
   defining Unicode char U+014C (decimal 332)
   defining Unicode char U+014D (decimal 333)
   defining Unicode char U+014E (decimal 334)
   defining Unicode char U+014F (decimal 335)
   defining Unicode char U+0150 (decimal 336)
   defining Unicode char U+0151 (decimal 337)
   defining Unicode char U+0152 (decimal 338)
   defining Unicode char U+0153 (decimal 339)
   defining Unicode char U+0154 (decimal 340)
   defining Unicode char U+0155 (decimal 341)
   defining Unicode char U+0156 (decimal 342)
   defining Unicode char U+0157 (decimal 343)
   defining Unicode char U+0158 (decimal 344)
   defining Unicode char U+0159 (decimal 345)
   defining Unicode char U+015A (decimal 346)
   defining Unicode char U+015B (decimal 347)
   defining Unicode char U+015C (decimal 348)
   defining Unicode char U+015D (decimal 349)
   defining Unicode char U+015E (decimal 350)
   defining Unicode char U+015F (decimal 351)
   defining Unicode char U+0160 (decimal 352)
   defining Unicode char U+0161 (decimal 353)
   defining Unicode char U+0162 (decimal 354)
   defining Unicode char U+0163 (decimal 355)
   defining Unicode char U+0164 (decimal 356)
   defining Unicode char U+0165 (decimal 357)
   defining Unicode char U+0168 (decimal 360)
   defining Unicode char U+0169 (decimal 361)
   defining Unicode char U+016A (decimal 362)
   defining Unicode char U+016B (decimal 363)
   defining Unicode char U+016C (decimal 364)
   defining Unicode char U+016D (decimal 365)
   defining Unicode char U+016E (decimal 366)
   defining Unicode char U+016F (decimal 367)
   defining Unicode char U+0170 (decimal 368)
   defining Unicode char U+0171 (decimal 369)
   defining Unicode char U+0172 (decimal 370)
   defining Unicode char U+0173 (decimal 371)
   defining Unicode char U+0174 (decimal 372)
   defining Unicode char U+0175 (decimal 373)
   defining Unicode char U+0176 (decimal 374)
   defining Unicode char U+0177 (decimal 375)
   defining Unicode char U+0178 (decimal 376)
   defining Unicode char U+0179 (decimal 377)
   defining Unicode char U+017A (decimal 378)
   defining Unicode char U+017B (decimal 379)
   defining Unicode char U+017C (decimal 380)
   defining Unicode char U+017D (decimal 381)
   defining Unicode char U+017E (decimal 382)
   defining Unicode char U+01CD (decimal 461)
   defining Unicode char U+01CE (decimal 462)
   defining Unicode char U+01CF (decimal 463)
   defining Unicode char U+01D0 (decimal 464)
   defining Unicode char U+01D1 (decimal 465)
   defining Unicode char U+01D2 (decimal 466)
   defining Unicode char U+01D3 (decimal 467)
   defining Unicode char U+01D4 (decimal 468)
   defining Unicode char U+01E2 (decimal 482)
   defining Unicode char U+01E3 (decimal 483)
   defining Unicode char U+01E6 (decimal 486)
   defining Unicode char U+01E7 (decimal 487)
   defining Unicode char U+01E8 (decimal 488)
   defining Unicode char U+01E9 (decimal 489)
   defining Unicode char U+01EA (decimal 490)
   defining Unicode char U+01EB (decimal 491)
   defining Unicode char U+01F0 (decimal 496)
   defining Unicode char U+01F4 (decimal 500)
   defining Unicode char U+01F5 (decimal 501)
   defining Unicode char U+0218 (decimal 536)
   defining Unicode char U+0219 (decimal 537)
   defining Unicode char U+021A (decimal 538)
   defining Unicode char U+021B (decimal 539)
   defining Unicode char U+0232 (decimal 562)
   defining Unicode char U+0233 (decimal 563)
   defining Unicode char U+1E02 (decimal 7682)
   defining Unicode char U+1E03 (decimal 7683)
   defining Unicode char U+200C (decimal 8204)
   defining Unicode char U+2010 (decimal 8208)
   defining Unicode char U+2011 (decimal 8209)
   defining Unicode char U+2012 (decimal 8210)
   defining Unicode char U+2013 (decimal 8211)
   defining Unicode char U+2014 (decimal 8212)
   defining Unicode char U+2015 (decimal 8213)
   defining Unicode char U+2018 (decimal 8216)
   defining Unicode char U+2019 (decimal 8217)
   defining Unicode char U+201A (decimal 8218)
   defining Unicode char U+201C (decimal 8220)
   defining Unicode char U+201D (decimal 8221)
   defining Unicode char U+201E (decimal 8222)
   defining Unicode char U+2030 (decimal 8240)
   defining Unicode char U+2031 (decimal 8241)
   defining Unicode char U+2039 (decimal 8249)
   defining Unicode char U+203A (decimal 8250)
   defining Unicode char U+2423 (decimal 9251)
   defining Unicode char U+1E20 (decimal 7712)
   defining Unicode char U+1E21 (decimal 7713)
)
Now handling font encoding OT1 ...
... processing UTF-8 mapping file for font encoding OT1
 (/usr/local/texlive/2017/texmf-dist/tex/latex/base/ot1enc.dfu
File: ot1enc.dfu 2017/01/28 v1.1t UTF-8 support for inputenc
   defining Unicode char U+00A0 (decimal 160)
   defining Unicode char U+00A1 (decimal 161)
   defining Unicode char U+00A3 (decimal 163)
   defining Unicode char U+00AD (decimal 173)
   defining Unicode char U+00B8 (decimal 184)
   defining Unicode char U+00BF (decimal 191)
   defining Unicode char U+00C5 (decimal 197)
   defining Unicode char U+00C6 (decimal 198)
   defining Unicode char U+00D8 (decimal 216)
   defining Unicode char U+00DF (decimal 223)
   defining Unicode char U+00E6 (decimal 230)
   defining Unicode char U+00EC (decimal 236)
   defining Unicode char U+00ED (decimal 237)
   defining Unicode char U+00EE (decimal 238)
   defining Unicode char U+00EF (decimal 239)
   defining Unicode char U+00F8 (decimal 248)
   defining Unicode char U+0131 (decimal 305)
   defining Unicode char U+0141 (decimal 321)
   defining Unicode char U+0142 (decimal 322)
   defining Unicode char U+0152 (decimal 338)
   defining Unicode char U+0153 (decimal 339)
   defining Unicode char U+0174 (decimal 372)
   defining Unicode char U+0175 (decimal 373)
   defining Unicode char U+0176 (decimal 374)
   defining Unicode char U+0177 (decimal 375)
   defining Unicode char U+0218 (decimal 536)
   defining Unicode char U+0219 (decimal 537)
   defining Unicode char U+021A (decimal 538)
   defining Unicode char U+021B (decimal 539)
   defining Unicode char U+2013 (decimal 8211)
   defining Unicode char U+2014 (decimal 8212)
   defining Unicode char U+2018 (decimal 8216)
   defining Unicode char U+2019 (decimal 8217)
   defining Unicode char U+201C (decimal 8220)
   defining Unicode char U+201D (decimal 8221)
)
Now handling font encoding OMS ...
... processing UTF-8 mapping file for font encoding OMS
 (/usr/local/texlive/2017/texmf-dist/tex/latex/base/omsenc.dfu
File: omsenc.dfu 2017/01/28 v1.1t UTF-8 support for inputenc
   defining Unicode char U+00A7 (decimal 167)
   defining Unicode char U+00B6 (decimal 182)
   defining Unicode char U+00B7 (decimal 183)
   defining Unicode char U+2020 (decimal 8224)
   defining Unicode char U+2021 (decimal 8225)
   defining Unicode char U+2022 (decimal 8226)
)
Now handling font encoding OMX ...
... no UTF-8 mapping file for font encoding OMX
Now handling font encoding U ...
... no UTF-8 mapping file for font encoding U
   defining Unicode char U+00A9 (decimal 169)
   defining Unicode char U+00AA (decimal 170)
   defining Unicode char U+00AE (decimal 174)
   defining Unicode char U+00BA (decimal 186)
   defining Unicode char U+02C6 (decimal 710)
   defining Unicode char U+02DC (decimal 732)
   defining Unicode char U+200C (decimal 8204)
   defining Unicode char U+2026 (decimal 8230)
   defining Unicode char U+2122 (decimal 8482)
   defining Unicode char U+2423 (decimal 9251)
)) (/usr/local/texlive/2017/texmf-dist/tex/latex/booktabs/booktabs.sty
Package: booktabs 2016/04/27 v1.618033 publication quality tables
\heavyrulewidth=\dimen114
\lightrulewidth=\dimen115
\cmidrulewidth=\dimen116
\belowrulesep=\dimen117
\belowbottomsep=\dimen118
\aboverulesep=\dimen119
\abovetopsep=\dimen120
\cmidrulesep=\dimen121
\cmidrulekern=\dimen122
\defaultaddspace=\dimen123
\@cmidla=\count99
\@cmidlb=\count100
\@aboverulesep=\dimen124
\@belowrulesep=\dimen125
\@thisruleclass=\count101
\@lastruleclass=\count102
\@thisrulewidth=\dimen126
) (/usr/local/texlive/2017/texmf-dist/tex/latex/caption/caption.sty
Package: caption 2016/02/21 v3.3-144 Customizing captions (AR)
 (/usr/local/texlive/2017/texmf-dist/tex/latex/caption/caption3.sty
Package: caption3 2016/05/22 v1.7-166 caption3 kernel (AR)
Package caption3 Info: TeX engine: e-TeX on input line 67.
 (/usr/local/texlive/2017/texmf-dist/tex/latex/graphics/keyval.sty
Package: keyval 2014/10/28 v1.15 key=value parser (DPC)
\KV@toks@=\toks27
)
\captionmargin=\dimen127
\captionmargin@=\dimen128
\captionwidth=\dimen129
\caption@tempdima=\dimen130
\caption@indent=\dimen131
\caption@parindent=\dimen132
\caption@hangindent=\dimen133
)
Package caption Info: AMS or SMF document class.
\c@ContinuedFloat=\count103
) (/usr/local/texlive/2017/texmf-dist/tex/latex/graphics/color.sty
Package: color 2016/07/10 v1.1e Standard LaTeX Color (DPC)
 (/usr/local/texlive/2017/texmf-dist/tex/latex/graphics-cfg/color.cfg
File: color.cfg 2016/01/02 v1.6 sample color configuration
)
Package color Info: Driver file: pdftex.def on input line 147.
 (/usr/local/texlive/2017/texmf-dist/tex/latex/graphics-def/pdftex.def
File: pdftex.def 2017/01/12 v0.06k Graphics/color for pdfTeX
 (/usr/local/texlive/2017/texmf-dist/tex/generic/oberdiek/infwarerr.sty
Package: infwarerr 2016/05/16 v1.4 Providing info/warning/error messages (HO)
) (/usr/local/texlive/2017/texmf-dist/tex/generic/oberdiek/ltxcmds.sty
Package: ltxcmds 2016/05/16 v1.23 LaTeX kernel commands for general use (HO)
)
\Gread@gobject=\count104
)) (/usr/local/texlive/2017/texmf-dist/tex/latex/fancyhdr/fancyhdr.sty
Package: fancyhdr 2016/09/06 3.8 Extensive control of page headers and footers
\fancy@headwidth=\skip51
\f@ncyO@elh=\skip52
\f@ncyO@erh=\skip53
\f@ncyO@olh=\skip54
\f@ncyO@orh=\skip55
\f@ncyO@elf=\skip56
\f@ncyO@erf=\skip57
\f@ncyO@olf=\skip58
\f@ncyO@orf=\skip59
) (/usr/local/texlive/2017/texmf-dist/tex/latex/float/float.sty
Package: float 2001/11/08 v1.3d Float enhancements (AL)
\c@float@type=\count105
\float@exts=\toks28
\float@box=\box29
\@float@everytoks=\toks29
\@floatcapt=\box30
) (/usr/local/texlive/2017/texmf-dist/tex/latex/preprint/fullpage.sty
Package: fullpage 1999/02/23 1.1 (PWD)
\FP@margin=\skip60
) (/usr/local/texlive/2017/texmf-dist/tex/latex/geometry/geometry.sty
Package: geometry 2010/09/12 v5.6 Page Geometry
 (/usr/local/texlive/2017/texmf-dist/tex/generic/oberdiek/ifpdf.sty
Package: ifpdf 2017/03/15 v3.2 Provides the ifpdf switch
) (/usr/local/texlive/2017/texmf-dist/tex/generic/oberdiek/ifvtex.sty
Package: ifvtex 2016/05/16 v1.6 Detect VTeX and its facilities (HO)
Package ifvtex Info: VTeX not detected.
) (/usr/local/texlive/2017/texmf-dist/tex/generic/ifxetex/ifxetex.sty
Package: ifxetex 2010/09/12 v0.6 Provides ifxetex conditional
)
\Gm@cnth=\count106
\Gm@cntv=\count107
\c@Gm@tempcnt=\count108
\Gm@bindingoffset=\dimen134
\Gm@wd@mp=\dimen135
\Gm@odd@mp=\dimen136
\Gm@even@mp=\dimen137
\Gm@layoutwidth=\dimen138
\Gm@layoutheight=\dimen139
\Gm@layouthoffset=\dimen140
\Gm@layoutvoffset=\dimen141
\Gm@dimlist=\toks30
)
(/usr/local/texlive/2017/texmf-dist/tex/latex/graphics/graphicx.sty
Package: graphicx 2014/10/28 v1.0g Enhanced LaTeX Graphics (DPC,SPQR)
 (/usr/local/texlive/2017/texmf-dist/tex/latex/graphics/graphics.sty
Package: graphics 2017/04/14 v1.1b Standard LaTeX Graphics (DPC,SPQR)
 (/usr/local/texlive/2017/texmf-dist/tex/latex/graphics/trig.sty
Package: trig 2016/01/03 v1.10 sin cos tan (DPC)
) (/usr/local/texlive/2017/texmf-dist/tex/latex/graphics-cfg/graphics.cfg
File: graphics.cfg 2016/06/04 v1.11 sample graphics configuration
)
Package graphics Info: Driver file: pdftex.def on input line 99.
)
\Gin@req@height=\dimen142
\Gin@req@width=\dimen143
) (/usr/local/texlive/2017/texmf-dist/tex/latex/caption/subcaption.sty
Package: subcaption 2016/05/22 v1.1-161 Sub-captions (AR)
\c@subfigure=\count109
\c@subtable=\count110
) (/usr/local/texlive/2017/texmf-dist/tex/latex/bera/beramono.sty
Package: beramono 2004/01/31 (WaS)
) (/usr/local/texlive/2017/texmf-dist/tex/latex/titling/titling.sty
Package: titling 2009/09/04 v2.1d maketitle typesetting
\thanksmarkwidth=\skip61
\thanksmargin=\skip62
\droptitle=\skip63
) (/usr/local/texlive/2017/texmf-dist/tex/latex/datetime/datetime.sty
Package: datetime 2015/03/20 v2.60 Date Time Package
 (/usr/local/texlive/2017/texmf-dist/tex/latex/etoolbox/etoolbox.sty
Package: etoolbox 2017/01/02 v2.4 e-TeX tools for LaTeX (JAW)
\etb@tempcnta=\count111
) (/usr/local/texlive/2017/texmf-dist/tex/latex/fmtcount/fmtcount.sty
Package: fmtcount 2015/05/05 v3.01
 (/usr/local/texlive/2017/texmf-dist/tex/latex/base/ifthen.sty
Package: ifthen 2014/09/29 v1.1c Standard LaTeX ifthen package (DPC)
) (/usr/local/texlive/2017/texmf-dist/tex/latex/xkeyval/xkeyval.sty
Package: xkeyval 2014/12/03 v2.7a package option processing (HA)
 (/usr/local/texlive/2017/texmf-dist/tex/generic/xkeyval/xkeyval.tex (/usr/local/texlive/2017/texmf-dist/tex/generic/xkeyval/xkvutils.tex
\XKV@toks=\toks31
\XKV@tempa@toks=\toks32
)
\XKV@depth=\count112
File: xkeyval.tex 2014/12/03 v2.7a key=value parser (HA)
)) (/usr/local/texlive/2017/texmf-dist/tex/latex/fmtcount/fcprefix.sty
Package: fcprefix 2012/09/28
 (/usr/local/texlive/2017/texmf-dist/tex/latex/fmtcount/fcnumparser.sty
Package: fcnumparser 2012/09/28
\fc@digit@counter=\count113
))
\c@padzeroesN=\count114
\fc@tmpcatcode=\count115
\@DT@modctr=\count116
\@ordinalctr=\count117
\@orgargctr=\count118
\@strctr=\count119
\@tmpstrctr=\count120
\@DT@loopN=\count121
\@DT@X=\count122
 (/usr/local/texlive/2017/texmf-dist/tex/latex/fmtcount/fc-english.def
File: fc-english.def 2013/08/17
)) (/usr/local/texlive/2017/texmf-dist/tex/latex/datetime/datetime-defaults.sty
Package: datetime-defaults 2013/09/10
)
\@day=\count123
\@month=\count124
\@year=\count125
\c@HOUR=\count126
\c@HOURXII=\count127
\c@MINUTE=\count128
\c@TOHOUR=\count129
\c@TOMINUTE=\count130
\c@SECOND=\count131
\currenthour=\count132
\currentminute=\count133
\currentsecond=\count134
Package datetime Info: No datetime.cfg file found, using default settings on input line 308.
\@dtctr=\count135
\dayofyear=\count136
\dayofweek=\count137
LaTeX Info: Redefining \today on input line 736.
\dt@a=\toks33
\dt@b=\toks34
) (/usr/local/texlive/2017/texmf-dist/tex/latex/enumitem/enumitem.sty
Package: enumitem 2011/09/28 v3.5.2 Customized lists
\labelindent=\skip64
\enit@outerparindent=\dimen144
\enit@toks=\toks35
\enit@inbox=\box31
\enitdp@description=\count138
) (/usr/local/texlive/2017/texmf-dist/tex/latex/tools/multicol.sty
Package: multicol 2017/04/11 v1.8q multicolumn formatting (FMi)
\c@tracingmulticols=\count139
\mult@box=\box32
\multicol@leftmargin=\dimen145
\c@unbalance=\count140
\c@collectmore=\count141
\doublecol@number=\count142
\multicoltolerance=\count143
\multicolpretolerance=\count144
\full@width=\dimen146
\page@free=\dimen147
\premulticols=\dimen148
\postmulticols=\dimen149
\multicolsep=\skip65
\multicolbaselineskip=\skip66
\partial@page=\box33
\last@line=\box34
\maxbalancingoverflow=\dimen150
\mult@rightbox=\box35
\mult@grightbox=\box36
\mult@gfirstbox=\box37
\mult@firstbox=\box38
\@tempa=\box39
\@tempa=\box40
\@tempa=\box41
\@tempa=\box42
\@tempa=\box43
\@tempa=\box44
\@tempa=\box45
\@tempa=\box46
\@tempa=\box47
\@tempa=\box48
\@tempa=\box49
\@tempa=\box50
\@tempa=\box51
\@tempa=\box52
\@tempa=\box53
\@tempa=\box54
\@tempa=\box55
\c@columnbadness=\count145
\c@finalcolumnbadness=\count146
\last@try=\dimen151
\multicolovershoot=\dimen152
\multicolundershoot=\dimen153
\mult@nat@firstbox=\box56
\colbreak@box=\box57
\mc@col@check@num=\count147
) (/usr/local/texlive/2017/texmf-dist/tex/latex/minted/minted.sty
Package: minted 2016/10/31 v2.4.1 Yet another Pygments shim for LaTeX
 (/usr/local/texlive/2017/texmf-dist/tex/latex/oberdiek/kvoptions.sty
Package: kvoptions 2016/05/16 v3.12 Key value format for package options (HO)
 (/usr/local/texlive/2017/texmf-dist/tex/generic/oberdiek/kvsetkeys.sty
Package: kvsetkeys 2016/05/16 v1.17 Key value parser (HO)
 (/usr/local/texlive/2017/texmf-dist/tex/generic/oberdiek/etexcmds.sty
Package: etexcmds 2016/05/16 v1.6 Avoid name clashes with e-TeX commands (HO)
 (/usr/local/texlive/2017/texmf-dist/tex/generic/oberdiek/ifluatex.sty
Package: ifluatex 2016/05/16 v1.4 Provides the ifluatex switch (HO)
Package ifluatex Info: LuaTeX not detected.
)
Package etexcmds Info: Could not find \expanded.
(etexcmds)             That can mean that you are not using pdfTeX 1.50 or
(etexcmds)             that some package has redefined \expanded.
(etexcmds)             In the latter case, load this package earlier.
))) (/usr/local/texlive/2017/texmf-dist/tex/latex/fvextra/fvextra.sty
Package: fvextra 2016/09/02 v1.2.1 fvextra - extensions and patches for fancyvrb
 (/usr/local/texlive/2017/texmf-dist/tex/latex/fancyvrb/fancyvrb.sty
Package: fancyvrb 2008/02/07
 Style option: `fancyvrb' v2.7a, with DG/SPQR fixes, and firstline=lastline fix <2008/02/07> (tvz)
\FV@CodeLineNo=\count148
\FV@InFile=\read1
\FV@TabBox=\box58
\c@FancyVerbLine=\count149
\FV@StepNumber=\count150
\FV@OutFile=\write3
) (/usr/local/texlive/2017/texmf-dist/tex/latex/upquote/upquote.sty
Package: upquote 2012/04/19 v1.3 upright-quote and grave-accent glyphs in verbatim

(/usr/local/texlive/2017/texmf-dist/tex/latex/base/textcomp.sty
Package: textcomp 2017/04/05 v2.0i Standard LaTeX package
Package textcomp Info: Sub-encoding information:
(textcomp)               5 = only ISO-Adobe without \textcurrency
(textcomp)               4 = 5 + \texteuro
(textcomp)               3 = 4 + \textohm
(textcomp)               2 = 3 + \textestimated + \textcurrency
(textcomp)               1 = TS1 - \textcircled - \t
(textcomp)               0 = TS1 (full)
(textcomp)             Font families with sub-encoding setting implement
(textcomp)             only a restricted character set as indicated.
(textcomp)             Family '?' is the default used for unknown fonts.
(textcomp)             See the documentation for details.
Package textcomp Info: Setting ? sub-encoding to TS1/1 on input line 79.
 (/usr/local/texlive/2017/texmf-dist/tex/latex/base/ts1enc.def
File: ts1enc.def 2001/06/05 v3.0e (jk/car/fm) Standard LaTeX file
Now handling font encoding TS1 ...
... processing UTF-8 mapping file for font encoding TS1
 (/usr/local/texlive/2017/texmf-dist/tex/latex/base/ts1enc.dfu
File: ts1enc.dfu 2017/01/28 v1.1t UTF-8 support for inputenc
   defining Unicode char U+00A2 (decimal 162)
   defining Unicode char U+00A3 (decimal 163)
   defining Unicode char U+00A4 (decimal 164)
   defining Unicode char U+00A5 (decimal 165)
   defining Unicode char U+00A6 (decimal 166)
   defining Unicode char U+00A7 (decimal 167)
   defining Unicode char U+00A8 (decimal 168)
   defining Unicode char U+00A9 (decimal 169)
   defining Unicode char U+00AA (decimal 170)
   defining Unicode char U+00AC (decimal 172)
   defining Unicode char U+00AE (decimal 174)
   defining Unicode char U+00AF (decimal 175)
   defining Unicode char U+00B0 (decimal 176)
   defining Unicode char U+00B1 (decimal 177)
   defining Unicode char U+00B2 (decimal 178)
   defining Unicode char U+00B3 (decimal 179)
   defining Unicode char U+00B4 (decimal 180)
   defining Unicode char U+00B5 (decimal 181)
   defining Unicode char U+00B6 (decimal 182)
   defining Unicode char U+00B7 (decimal 183)
   defining Unicode char U+00B9 (decimal 185)
   defining Unicode char U+00BA (decimal 186)
   defining Unicode char U+00BC (decimal 188)
   defining Unicode char U+00BD (decimal 189)
   defining Unicode char U+00BE (decimal 190)
   defining Unicode char U+00D7 (decimal 215)
   defining Unicode char U+00F7 (decimal 247)
   defining Unicode char U+0192 (decimal 402)
   defining Unicode char U+02C7 (decimal 711)
   defining Unicode char U+02D8 (decimal 728)
   defining Unicode char U+02DD (decimal 733)
   defining Unicode char U+0E3F (decimal 3647)
   defining Unicode char U+2016 (decimal 8214)
   defining Unicode char U+2020 (decimal 8224)
   defining Unicode char U+2021 (decimal 8225)
   defining Unicode char U+2022 (decimal 8226)
   defining Unicode char U+2030 (decimal 8240)
   defining Unicode char U+2031 (decimal 8241)
   defining Unicode char U+203B (decimal 8251)
   defining Unicode char U+203D (decimal 8253)
   defining Unicode char U+2044 (decimal 8260)
   defining Unicode char U+204E (decimal 8270)
   defining Unicode char U+2052 (decimal 8274)
   defining Unicode char U+20A1 (decimal 8353)
   defining Unicode char U+20A4 (decimal 8356)
   defining Unicode char U+20A6 (decimal 8358)
   defining Unicode char U+20A9 (decimal 8361)
   defining Unicode char U+20AB (decimal 8363)
   defining Unicode char U+20AC (decimal 8364)
   defining Unicode char U+20B1 (decimal 8369)
   defining Unicode char U+2103 (decimal 8451)
   defining Unicode char U+2116 (decimal 8470)
   defining Unicode char U+2117 (decimal 8471)
   defining Unicode char U+211E (decimal 8478)
   defining Unicode char U+2120 (decimal 8480)
   defining Unicode char U+2122 (decimal 8482)
   defining Unicode char U+2126 (decimal 8486)
   defining Unicode char U+2127 (decimal 8487)
   defining Unicode char U+212E (decimal 8494)
   defining Unicode char U+2190 (decimal 8592)
   defining Unicode char U+2191 (decimal 8593)
   defining Unicode char U+2192 (decimal 8594)
   defining Unicode char U+2193 (decimal 8595)
   defining Unicode char U+2329 (decimal 9001)
   defining Unicode char U+232A (decimal 9002)
   defining Unicode char U+2422 (decimal 9250)
   defining Unicode char U+25E6 (decimal 9702)
   defining Unicode char U+25EF (decimal 9711)
   defining Unicode char U+266A (decimal 9834)
))
LaTeX Info: Redefining \oldstylenums on input line 334.
Package textcomp Info: Setting cmr sub-encoding to TS1/0 on input line 349.
Package textcomp Info: Setting cmss sub-encoding to TS1/0 on input line 350.
Package textcomp Info: Setting cmtt sub-encoding to TS1/0 on input line 351.
Package textcomp Info: Setting cmvtt sub-encoding to TS1/0 on input line 352.
Package textcomp Info: Setting cmbr sub-encoding to TS1/0 on input line 353.
Package textcomp Info: Setting cmtl sub-encoding to TS1/0 on input line 354.
Package textcomp Info: Setting ccr sub-encoding to TS1/0 on input line 355.
Package textcomp Info: Setting ptm sub-encoding to TS1/4 on input line 356.
Package textcomp Info: Setting pcr sub-encoding to TS1/4 on input line 357.
Package textcomp Info: Setting phv sub-encoding to TS1/4 on input line 358.
Package textcomp Info: Setting ppl sub-encoding to TS1/3 on input line 359.
Package textcomp Info: Setting pag sub-encoding to TS1/4 on input line 360.
Package textcomp Info: Setting pbk sub-encoding to TS1/4 on input line 361.
Package textcomp Info: Setting pnc sub-encoding to TS1/4 on input line 362.
Package textcomp Info: Setting pzc sub-encoding to TS1/4 on input line 363.
Package textcomp Info: Setting bch sub-encoding to TS1/4 on input line 364.
Package textcomp Info: Setting put sub-encoding to TS1/5 on input line 365.
Package textcomp Info: Setting uag sub-encoding to TS1/5 on input line 366.
Package textcomp Info: Setting ugq sub-encoding to TS1/5 on input line 367.
Package textcomp Info: Setting ul8 sub-encoding to TS1/4 on input line 368.
Package textcomp Info: Setting ul9 sub-encoding to TS1/4 on input line 369.
Package textcomp Info: Setting augie sub-encoding to TS1/5 on input line 370.
Package textcomp Info: Setting dayrom sub-encoding to TS1/3 on input line 371.
Package textcomp Info: Setting dayroms sub-encoding to TS1/3 on input line 372.
Package textcomp Info: Setting pxr sub-encoding to TS1/0 on input line 373.
Package textcomp Info: Setting pxss sub-encoding to TS1/0 on input line 374.
Package textcomp Info: Setting pxtt sub-encoding to TS1/0 on input line 375.
Package textcomp Info: Setting txr sub-encoding to TS1/0 on input line 376.
Package textcomp Info: Setting txss sub-encoding to TS1/0 on input line 377.
Package textcomp Info: Setting txtt sub-encoding to TS1/0 on input line 378.
Package textcomp Info: Setting lmr sub-encoding to TS1/0 on input line 379.
Package textcomp Info: Setting lmdh sub-encoding to TS1/0 on input line 380.
Package textcomp Info: Setting lmss sub-encoding to TS1/0 on input line 381.
Package textcomp Info: Setting lmssq sub-encoding to TS1/0 on input line 382.
Package textcomp Info: Setting lmvtt sub-encoding to TS1/0 on input line 383.
Package textcomp Info: Setting lmtt sub-encoding to TS1/0 on input line 384.
Package textcomp Info: Setting qhv sub-encoding to TS1/0 on input line 385.
Package textcomp Info: Setting qag sub-encoding to TS1/0 on input line 386.
Package textcomp Info: Setting qbk sub-encoding to TS1/0 on input line 387.
Package textcomp Info: Setting qcr sub-encoding to TS1/0 on input line 388.
Package textcomp Info: Setting qcs sub-encoding to TS1/0 on input line 389.
Package textcomp Info: Setting qpl sub-encoding to TS1/0 on input line 390.
Package textcomp Info: Setting qtm sub-encoding to TS1/0 on input line 391.
Package textcomp Info: Setting qzc sub-encoding to TS1/0 on input line 392.
Package textcomp Info: Setting qhvc sub-encoding to TS1/0 on input line 393.
Package textcomp Info: Setting futs sub-encoding to TS1/4 on input line 394.
Package textcomp Info: Setting futx sub-encoding to TS1/4 on input line 395.
Package textcomp Info: Setting futj sub-encoding to TS1/4 on input line 396.
Package textcomp Info: Setting hlh sub-encoding to TS1/3 on input line 397.
Package textcomp Info: Setting hls sub-encoding to TS1/3 on input line 398.
Package textcomp Info: Setting hlst sub-encoding to TS1/3 on input line 399.
Package textcomp Info: Setting hlct sub-encoding to TS1/5 on input line 400.
Package textcomp Info: Setting hlx sub-encoding to TS1/5 on input line 401.
Package textcomp Info: Setting hlce sub-encoding to TS1/5 on input line 402.
Package textcomp Info: Setting hlcn sub-encoding to TS1/5 on input line 403.
Package textcomp Info: Setting hlcw sub-encoding to TS1/5 on input line 404.
Package textcomp Info: Setting hlcf sub-encoding to TS1/5 on input line 405.
Package textcomp Info: Setting pplx sub-encoding to TS1/3 on input line 406.
Package textcomp Info: Setting pplj sub-encoding to TS1/3 on input line 407.
Package textcomp Info: Setting ptmx sub-encoding to TS1/4 on input line 408.
Package textcomp Info: Setting ptmj sub-encoding to TS1/4 on input line 409.
)) (/usr/local/texlive/2017/texmf-dist/tex/latex/lineno/lineno.sty
Package: lineno 2005/11/02 line numbers on paragraphs v4.41
\linenopenalty=\count151
\output=\toks36
\linenoprevgraf=\count152
\linenumbersep=\dimen154
\linenumberwidth=\dimen155
\c@linenumber=\count153
\c@pagewiselinenumber=\count154
\c@LN@truepage=\count155
\c@internallinenumber=\count156
\c@internallinenumbers=\count157
\quotelinenumbersep=\dimen156
\bframerule=\dimen157
\bframesep=\dimen158
\bframebox=\box59
LaTeX Info: Redefining \\ on input line 3056.
)
\c@FV@TrueTabGroupLevel=\count158
\c@FV@TrueTabCounter=\count159
\FV@TabBox@Group=\box60
\FV@TmpLength=\skip67
\c@FV@HighlightLinesStart=\count160
\c@FV@HighlightLinesStop=\count161
\FV@BreakIndent=\dimen159
\FV@BreakSymbolSepLeft=\dimen160
\FV@BreakSymbolSepRight=\dimen161
\FV@BreakSymbolIndentLeft=\dimen162
LaTeX Font Info:    Try loading font information for T1+fvm on input line 562.
 (/usr/local/texlive/2017/texmf-dist/tex/latex/bera/t1fvm.fd
File: t1fvm.fd 2004/09/07 scalable font definitions for T1/fvm.
)
LaTeX Font Info:    Font shape `T1/fvm/m/n' will be
(Font)              scaled to size 7.19995pt on input line 562.
\FV@BreakSymbolIndentRight=\dimen163
\c@FancyVerbLineBreakLast=\count162
\FV@LineBox=\box61
\FV@LineIndentBox=\box62
) (/usr/local/texlive/2017/texmf-dist/tex/latex/tools/calc.sty
Package: calc 2014/10/28 v4.3 Infix arithmetic (KKT,FJ)
\calc@Acount=\count163
\calc@Bcount=\count164
\calc@Adimen=\dimen164
\calc@Bdimen=\dimen165
\calc@Askip=\skip68
\calc@Bskip=\skip69
LaTeX Info: Redefining \setlength on input line 80.
LaTeX Info: Redefining \addtolength on input line 81.
\calc@Ccount=\count165
\calc@Cskip=\skip70
) (/usr/local/texlive/2017/texmf-dist/tex/latex/tools/shellesc.sty
Package: shellesc 2016/06/07 v0.02a unified shell escape interface for LaTeX
Package shellesc Info: Unrestricted shell escape enabled on input line 67.
) (/usr/local/texlive/2017/texmf-dist/tex/latex/ifplatform/ifplatform.sty
Package: ifplatform 2010/10/22 v0.4 Testing for the operating system
 (/usr/local/texlive/2017/texmf-dist/tex/generic/oberdiek/pdftexcmds.sty
Package: pdftexcmds 2017/03/19 v0.25 Utility functions of pdfTeX for LuaTeX (HO)
Package pdftexcmds Info: LuaTeX not detected.
Package pdftexcmds Info: \pdf@primitive is available.
Package pdftexcmds Info: \pdf@ifprimitive is available.
Package pdftexcmds Info: \pdfdraftmode found.
) (/usr/local/texlive/2017/texmf-dist/tex/generic/oberdiek/catchfile.sty
Package: catchfile 2016/05/16 v1.7 Catch the contents of a file (HO)
)
runsystem(uname -s > "comprog.w18")...executed.

 (./comprog.w18)
runsystem(rm -- "comprog.w18")...executed.

) (/usr/local/texlive/2017/texmf-dist/tex/generic/xstring/xstring.sty (/usr/local/texlive/2017/texmf-dist/tex/generic/xstring/xstring.tex
\@xs@message=\write4
\integerpart=\count166
\decimalpart=\count167
)
Package: xstring 2013/10/13  v1.7c  String manipulations (C Tellechea)
) (/usr/local/texlive/2017/texmf-dist/tex/latex/framed/framed.sty
Package: framed 2011/10/22 v 0.96: framed or shaded text with page breaks
\OuterFrameSep=\skip71
\fb@frw=\dimen166
\fb@frh=\dimen167
\FrameRule=\dimen168
\FrameSep=\dimen169
)
\minted@appexistsfile=\read2
\minted@bgbox=\box63
\minted@code=\write5
\c@minted@FancyVerbLineTemp=\count168
\c@minted@pygmentizecounter=\count169
\@float@every@listing=\toks37
\c@listing=\count170
)
runsystem(mkdir -p _minted-comprog)...executed.

runsystem(which pygmentize && touch comprog.aex)...executed.

runsystem(rm comprog.aex)...executed.

 (./comprog.aux)
\openout1 = `comprog.aux'.

LaTeX Font Info:    Checking defaults for OML/cmm/m/it on input line 75.
LaTeX Font Info:    ... okay on input line 75.
LaTeX Font Info:    Checking defaults for T1/cmr/m/n on input line 75.
LaTeX Font Info:    ... okay on input line 75.
LaTeX Font Info:    Checking defaults for OT1/cmr/m/n on input line 75.
LaTeX Font Info:    ... okay on input line 75.
LaTeX Font Info:    Checking defaults for OMS/cmsy/m/n on input line 75.
LaTeX Font Info:    ... okay on input line 75.
LaTeX Font Info:    Checking defaults for OMX/cmex/m/n on input line 75.
LaTeX Font Info:    ... okay on input line 75.
LaTeX Font Info:    Checking defaults for U/cmr/m/n on input line 75.
LaTeX Font Info:    ... okay on input line 75.
LaTeX Font Info:    Checking defaults for TS1/cmr/m/n on input line 75.
LaTeX Font Info:    Try loading font information for TS1+cmr on input line 75.
 (/usr/local/texlive/2017/texmf-dist/tex/latex/base/ts1cmr.fd
File: ts1cmr.fd 2014/09/29 v2.5h Standard LaTeX font definitions
)
LaTeX Font Info:    ... okay on input line 75.
LaTeX Font Info:    Try loading font information for U+msa on input line 75.
 (/usr/local/texlive/2017/texmf-dist/tex/latex/amsfonts/umsa.fd
File: umsa.fd 2013/01/14 v3.01 AMS symbols A
)
LaTeX Font Info:    Try loading font information for U+msb on input line 75.
 (/usr/local/texlive/2017/texmf-dist/tex/latex/amsfonts/umsb.fd
File: umsb.fd 2013/01/14 v3.01 AMS symbols B
)
Package caption Info: Begin \AtBeginDocument code.
Package caption Info: float package is loaded.
Package caption Info: End \AtBeginDocument code.
 (/usr/local/texlive/2017/texmf-dist/tex/context/base/mkii/supp-pdf.mkii
[Loading MPS to PDF converter (version 2006.09.02).]
\scratchcounter=\count171
\scratchdimen=\dimen170
\scratchbox=\box64
\nofMPsegments=\count172
\nofMParguments=\count173
\everyMPshowfont=\toks38
\MPscratchCnt=\count174
\MPscratchDim=\dimen171
\MPnumerator=\count175
\makeMPintoPDFobject=\count176
\everyMPtoPDFconversion=\toks39
) (/usr/local/texlive/2017/texmf-dist/tex/latex/oberdiek/epstopdf-base.sty
Package: epstopdf-base 2016/05/15 v2.6 Base part for package epstopdf
 (/usr/local/texlive/2017/texmf-dist/tex/latex/oberdiek/grfext.sty
Package: grfext 2016/05/16 v1.2 Manage graphics extensions (HO)
 (/usr/local/texlive/2017/texmf-dist/tex/generic/oberdiek/kvdefinekeys.sty
Package: kvdefinekeys 2016/05/16 v1.4 Define keys (HO)
))
Package epstopdf-base Info: Redefining graphics rule for `.eps' on input line 438.
Package grfext Info: Graphics extension search list:
(grfext)             [.png,.pdf,.jpg,.mps,.jpeg,.jbig2,.jb2,.PNG,.PDF,.JPG,.JPEG,.JBIG2,.JB2,.eps]
(grfext)             \AppendGraphicsExtensions on input line 456.
 (/usr/local/texlive/2017/texmf-dist/tex/latex/latexconfig/epstopdf-sys.cfg
File: epstopdf-sys.cfg 2010/07/13 v1.3 Configuration of (r)epstopdf for TeX Live
))
*geometry* driver: auto-detecting
*geometry* detected driver: pdftex
*geometry* verbose mode - [ preamble ] result:
* driver: pdftex
* paper: a4paper
* layout: <same size as paper>
* layoutoffset:(h,v)=(0.0pt,0.0pt)
* modes: landscape 
* h-part:(L,W,R)=(28.45274pt, 788.14136pt, 28.45274pt)
* v-part:(T,H,B)=(3.0pt, 566.05513pt, 28.45274pt)
* \paperwidth=845.04684pt
* \paperheight=597.50787pt
* \textwidth=788.14136pt
* \textheight=566.05513pt
* \oddsidemargin=-43.81725pt
* \evensidemargin=-43.81725pt
* \topmargin=-69.26999pt
* \headheight=15.2pt
* \headsep=0.0pt
* \topskip=10.0pt
* \footskip=12.0pt
* \marginparwidth=90.0pt
* \marginparsep=11.0pt
* \columnsep=10.0pt
* \skip\footins=7.0pt plus 11.0pt
* \hoffset=0.0pt
* \voffset=0.0pt
* \mag=1000
* \@twocolumnfalse
* \@twosidefalse
* \@mparswitchfalse
* \@reversemarginfalse
* (1in=72.27pt=25.4mm, 1cm=28.453pt)


LaTeX Warning: No \author given.

(./comprog.toc)
\tf@toc=\write6
\openout6 = `comprog.toc'.

 (./_minted-comprog/default-pyg-prefix.pygstyle) (./_minted-comprog/default.pygstyle) (./_minted-comprog/FB27564EB80C538F60B28BADC8F34BC302A602678096FAE4C0804101E583C361.pygtex
LaTeX Font Info:    Font shape `T1/fvm/bx/n' in size <8> not available
(Font)              Font shape `T1/fvm/b/n' tried instead on input line 2.
LaTeX Font Info:    Font shape `T1/fvm/b/n' will be
(Font)              scaled to size 7.19995pt on input line 2.
) (./_minted-comprog/3A3F37FEC415439F70E73FF752234CCA7C5613DDC73641181315018F6881EF4A.pygtex
LaTeX Font Info:    Font shape `T1/fvm/m/it' in size <8> not available
(Font)              Font shape `T1/fvm/m/sl' tried instead on input line 2.
LaTeX Font Info:    Font shape `T1/fvm/m/sl' will be
(Font)              scaled to size 7.19995pt on input line 2.
 [1{/usr/local/texlive/2017/texmf-var/fonts/map/pdftex/updmap/pdftex.map}]) (./_minted-comprog/B1678E90B4401394C16F0C0727C5040358AA77AA635EF00422EA376D9FB8D810.pygtex
LaTeX Font Info:    Try loading font information for TS1+fvm on input line 13.
 (/usr/local/texlive/2017/texmf-dist/tex/latex/bera/ts1fvm.fd
File: ts1fvm.fd 2004/09/07 scalable font definitions for TS1/fvm.
)
LaTeX Font Info:    Font shape `TS1/fvm/m/it' in size <8> not available
(Font)              Font shape `TS1/fvm/m/sl' tried instead on input line 13.
LaTeX Font Info:    Font shape `TS1/fvm/m/sl' will be
(Font)              scaled to size 7.19995pt on input line 13.
 [2]) (./_minted-comprog/E0948C80CBA96F5DB8509A4C563662EE1A63F8703999B53545351D0754DD393B.pygtex) (./_minted-comprog/8566DBED24F665BDBC63DC4CCD302C1977EB1BDB94B77B3B025FC9753B4B1B08.pygtex [3] [4]) (./_minted-comprog/5B7F9D03A0D23CB5320E1E0ACB3E7ECDA0A3226D321A313600120A71106269F6.pygtex [5]) (./_minted-comprog/E95B33ECF34369BA18C40D3EA21060AC99A0B931EA50003D32586FACC4BD06C1.pygtex) (./_minted-comprog/B47453318FB0C77A445978CACCB7567AC469697EEF01828312FBAA8E133EF305.pygtex [6]) (./_minted-comprog/CD24B02789A9749F2049CF7936B351949ACCB7C98BD72DA50096D5F8412CBFC4.pygtex [7]) (./_minted-comprog/265410C4562850FEE1C3363A7C15321EA42C59EFB4B93CD5AE3E0857B7D269B7.pygtex) (./_minted-comprog/9EB39277DDDF8B69206DEABFBA4BC694D0B1379637AA47E3AABBC5906A21ACF1.pygtex [8]) (./_minted-comprog/20FE5A841E6AB234BBA340AEA37072C73E6018681201F9E181E4F9DFF0364F39.pygtex) (./_minted-comprog/3A63588CD43DF556146C00CC5488BBB65510848755289EF0CD78A17CA6D12B04.pygtex) (./_minted-comprog/B1A2C5AE6B8EEE12AB5E5B69702EAE91F0941832BCFF7741041AF19A2C37BF7F.pygtex) (./_minted-comprog/36BD19340EAF21BBF895A5461B20470BB8B2D4A892CAD56F98C9D52E7963D730.pygtex) (./_minted-comprog/7CC8B9187E9A625C95795EFBEA1CBB7C17427E6CCBB4C7D57135D55E2B62FA5D.pygtex [9]) (./_minted-comprog/60B4D78AB12904C515EC116AFA4B1DCC93006EDFCF06FCD980DCC5099A976305.pygtex) (./_minted-comprog/2BF34EA591DA4B5D05793C7B33DF75F583F0B68B999C7B5DE0ABE2AAF4169728.pygtex) (./_minted-comprog/FC4F1040AF756579F495F8CC4B5F2D5FA69D03D517E310B5D78071D600A0AFA2.pygtex)
(./_minted-comprog/C335DE7504FCFADDC3DCC76AC76623FE2CBF8D75EFFF48625AEB07817171A07B.pygtex [10]) (./_minted-comprog/357F3B2DB37C3801320AAF03ED2F55B8AAEA1D3F37FFF5D0AEAF30D370C2EE36.pygtex) (./_minted-comprog/068FC549C4745838AE5253724F4D91548664F78C0DAEDF7BF646667F2504BEFA.pygtex) (./_minted-comprog/AC4AAAD8174B5A14BF53858C44254EA5B1DA2CBF11014CE86A0A61B376378295.pygtex) (./_minted-comprog/90FB86101F7C41465FE457325EB4B3AF4725110A0FEE4A9B18184D324E9B136F.pygtex [11]) (./_minted-comprog/D47B810BC822DDB05AF4576BF4D2EBC10AD2ED04DFD56B21ADCBA19FDE92EF2D.pygtex) (./_minted-comprog/01C0F16B0218CF5F57F1852CD4F830EEDDD511B8C1CAF14B2543FA09753F925E.pygtex) [12] (./_minted-comprog/9A1A876F71820011D7F5FB686E1C99C63E8790764A58A8C704BACB984F12F388.pygtex) (./_minted-comprog/2290DFBF8B30E186C455B3C385FFC3E07CD79BB30D4AE5A839C237C40A3A4221.pygtex) (./_minted-comprog/F9E45C914DD57A1B3153FEEF915BAC6790C16DFC4881B4B98EC4BCAE1CE04036.pygtex [13]) (./_minted-comprog/A010A8626CBD759C3DA5207569BFB995A7D218BDE0D44B19AD75585D138FAB95.pygtex) (./_minted-comprog/2BEB6CA087421C8056C60FBE3FB324CEDEA9500DC82352D256F9E357B01E0A24.pygtex [14]) (./_minted-comprog/8E6EB81EF79F41B3079C685A0162681ABAE24249B3C8FD9B00FE81F8A03A9221.pygtex) (./_minted-comprog/B84C338FAA846D6EFD2F378649844908BA681317E56D007629E9471C5D8C150A.pygtex) (./_minted-comprog/FE9FF7A3D4A8180AC213D258F666AB463A7E93C239181E2542C6C557E8B532CA.pygtex
LaTeX Font Info:    Font shape `TS1/fvm/m/n' will be
(Font)              scaled to size 7.19995pt on input line 5.
 [15]) (./_minted-comprog/977B8F0C92749C742ED91A2478CA391F8A70214C033472596495241CE7944E01.pygtex) (./_minted-comprog/DE6317690C3C96066A790E019248D3F2AF5B1FBBE080DCDACF7020C0E61BEE41.pygtex) (./_minted-comprog/4295343BAB9F4EF104CC5577D1AAE8584AE3336EEEB5865C7F34919178B599B2.pygtex) (./_minted-comprog/6D394610FB9C67DDBBD0FBF086878EC93ADEF13B68C03B47C1FECF83341AA6C0.pygtex) (./_minted-comprog/82D65BA5E67970F17815E35B701D9B14A551798B0DD55FC332B5B633C0248ECE.pygtex) (./_minted-comprog/A9A322231FCB5CB309AE3DCD55CACD5D7361072BE34836B0F52DBA63D6262C1E.pygtex)
(./_minted-comprog/12283AC6B30F852D237CB4E02FA849F2BAF961748460CC446473C4B60F3BF820.pygtex [16]) (./_minted-comprog/6BA0396D5AC8327C4EFD9B9B3AA44F982CF788E332E9D82665EED2E0EB05CF66.pygtex) (./_minted-comprog/B1BC682BCF67C0A1182F3E7DEDE9724300B2F7DA782E0E90BDC08CEE2EBCBE71.pygtex) (./_minted-comprog/37E358695EC2FEDCC11CFB831EC48B8A16E06555356F32DD6EBFCA8ABF59D749.pygtex) (./_minted-comprog/2D968678FD0FF1FC44D2578841B29F272EDA41E5E928246FD9B495CB5A39A24F.pygtex) (./_minted-comprog/33E5851067252542D0803FE7B4BB51F9DB90A5B53F74E643F0B7293C2D6BD870.pygtex) (./_minted-comprog/335B1B682219421643CFD12220B5EDE64597ABE01AF70F59B4526BF66701B41E.pygtex) (./_minted-comprog/4AAD54A445F8E4E0195CCA84E07FF3D1BBD204BF35C523010D62A6BBF942C2F7.pygtex [17]) (./_minted-comprog/542EC3C888288157668D8B383A1CEEEED7696612248DF1037109AD78E7459DB4.pygtex) (./_minted-comprog/17FF7C397BB631241955303A8D17915699C2E541859F7C69C1B6F69E429DC998.pygtex) (./_minted-comprog/C87DF0359682FF5A954E91BC2AFAA640E8D3FA93B6D6BAFCA4AA6C14A566372C.pygtex [18]) (./_minted-comprog/7451E788D629B73E71A60B3569E339C9C658E8998755E75DFDF099812804C1E8.pygtex) (./_minted-comprog/75B0E718F2FC231DA3E89903E4473E571B6DE8932B56F9E93C6DF91465CAF712.pygtex [19]) (./_minted-comprog/5538199386F25E6405493FD61CDE84910A1A77C7AC403B88FB38C090CDF9388A.pygtex) (./_minted-comprog/C5E53AE93F0428185B9BD58F73D5FC67EC91FE9A83E2F4E9947D1BDB69EA51B2.pygtex) (./_minted-comprog/C722C9080CECCE37F2B12D6E05B4DAE5097D997EE592F5A79343CD5156C1FDDE.pygtex) (./_minted-comprog/421CC40BC55D732FEB08A961B0960D4A299F20ECF418B27C996ACCEEB1A556E4.pygtex) (./_minted-comprog/6BC4ABEB73D3C4C7CAD04DDF0BC969DD7ED02DA619B48AB908BC17E0F93E5AA3.pygtex [20]) (./_minted-comprog/ED3948A12C4D0441680C25E97B39FB9A5B43E9003DBD0153821D8D02E571AF91.pygtex [21]) (./_minted-comprog/7559705670B799E6AA64FF2F8F866FC16825590DAB323B66F7F491585CCD46FD.pygtex) (./_minted-comprog/F61964DB3FB3F6ADBEDF85C9869AB9B14C32F6F0E47C116A72E3B575EA8CBACC.pygtex) [22] [23]
Underfull \hbox (badness 10000) in paragraph at lines 795--796
[]\T1/cmr/m/n/8 Try sub-mit-ting with \T1/fvm/m/n/8 assert(false) \T1/cmr/m/n/8 and
 []

[24] (./comprog.aux) ) 
Here is how much of TeX's memory you used:
 10295 strings out of 492995
 177227 string characters out of 6132705
 317185 words of memory out of 5000000
 13270 multiletter control sequences out of 15000+600000
 18855 words of font info for 53 fonts, out of 8000000 for 9000
 1302 hyphenation exceptions out of 8191
 39i,11n,43p,1010b,698s stack positions out of 5000i,500n,10000p,200000b,80000s
{/usr/local/texlive/2017/texmf-dist/fonts/enc/dvips/cm-super/cm-super-t1.enc}{/usr/local/texlive/2017/texmf-dist/fonts/enc/dvips/base/8r.enc}</usr/local/texlive/2017/texmf-dist/fonts/type1/public/amsfonts/cmextra/cmex8.pfb></usr/local/texlive/2017/texmf-dist/fonts/type1/public/amsfonts/cm/cmmi6.pfb></usr/local/texlive/2017/texmf-dist/fonts/type1/public/amsfonts/cm/cmmi8.pfb></usr/local/texlive/2017/texmf-dist/fonts/type1/public/amsfonts/cm/cmr6.pfb></usr/local/texlive/2017/texmf-dist/fonts/type1/public/amsfonts/cm/cmr8.pfb></usr/local/texlive/2017/texmf-dist/fonts/type1/public/amsfonts/cm/cmsy6.pfb></usr/local/texlive/2017/texmf-dist/fonts/type1/public/amsfonts/cm/cmsy8.pfb></usr/local/texlive/2017/texmf-dist/fonts/type1/public/bera/fvmb8a.pfb></usr/local/texlive/2017/texmf-dist/fonts/type1/public/bera/fvmr8a.pfb></usr/local/texlive/2017/texmf-dist/fonts/type1/public/bera/fvmro8a.pfb></usr/local/texlive/2017/texmf-dist/fonts/type1/public/cm-super/sfbi0800.pfb></usr/local/texlive/2017/texmf-dist/fonts/type1/public/cm-super/sfbx0800.pfb></usr/local/texlive/2017/texmf-dist/fonts/type1/public/cm-super/sfbx1095.pfb></usr/local/texlive/2017/texmf-dist/fonts/type1/public/cm-super/sfcc0800.pfb></usr/local/texlive/2017/texmf-dist/fonts/type1/public/cm-super/sfrm0500.pfb></usr/local/texlive/2017/texmf-dist/fonts/type1/public/cm-super/sfrm0800.pfb></usr/local/texlive/2017/texmf-dist/fonts/type1/public/cm-super/sfrm0900.pfb></usr/local/texlive/2017/texmf-dist/fonts/type1/public/cm-super/sfti0800.pfb>
Output written on comprog.pdf (24 pages, 441054 bytes).
PDF statistics:
 156 PDF objects out of 1000 (max. 8388607)
 110 compressed objects within 2 object streams
 0 named destinations out of 1000 (max. 500000)
 1 words of extra memory for PDF output out of 10000 (max. 10000000)

